<?xml version="1.0" encoding="UTF-8"?>
<!-- Generated by org.testng.reporters.JUnitReportReporter -->
<testsuite skipped="0" hostname="AIR-MIS-139" name="com.TestNg.ParallelExecution" tests="3" failures="0" timestamp="2020-11-26T16:47:01 CST" time="0.044" errors="0">
  <testcase name="tc001" time="0.012" classname="com.TestNg.ParallelExecution"/>
  <system-out/>
  <testcase name="tc002" time="0.003" classname="com.TestNg.ParallelExecution"/>
  <system-out/>
  <testcase name="tc003" time="0.029" classname="com.TestNg.ParallelExecution"/>
  <system-out/>
</testsuite> <!-- com.TestNg.ParallelExecution -->
