<?xml version="1.0" encoding="UTF-8"?>
<!-- Generated by org.testng.reporters.JUnitReportReporter -->
<testsuite skipped="0" hostname="AIR-MIS-139" name="com.TestNg.C2ta_TestNg" tests="1" failures="0" timestamp="2020-11-26T16:23:05 CST" time="5.506" errors="0">
  <testcase name="login" time="5.506" classname="com.TestNg.C2ta_TestNg"/>
  <system-out/>
</testsuite> <!-- com.TestNg.C2ta_TestNg -->
