<?xml version="1.0" encoding="UTF-8"?>
<!-- Generated by org.testng.reporters.JUnitReportReporter -->
<testsuite skipped="0" hostname="AIR-MIS-139" name="com.TestNg.Sampletestcase" tests="3" failures="0" timestamp="2020-11-26T16:12:44 CST" time="0.014" errors="0">
  <testcase name="tc003" time="0.002" classname="com.TestNg.Sampletestcase"/>
  <system-out/>
  <testcase name="tc001" time="0.009" classname="com.TestNg.Sampletestcase"/>
  <system-out/>
  <testcase name="tc002" time="0.003" classname="com.TestNg.Sampletestcase"/>
  <system-out/>
</testsuite> <!-- com.TestNg.Sampletestcase -->
