<?xml version="1.0" encoding="UTF-8"?>
<!-- Generated by org.testng.reporters.JUnitReportReporter -->
<testsuite skipped="0" hostname="AIR-MIS-139" name="com.TestNg.OrangeHrm_TestNg" tests="2" failures="0" timestamp="2020-11-26T16:23:05 CST" time="3.491" errors="0">
  <testcase name="loginapp" time="2.190" classname="com.TestNg.OrangeHrm_TestNg"/>
  <system-out/>
  <testcase name="adminPage" time="1.301" classname="com.TestNg.OrangeHrm_TestNg"/>
  <system-out/>
</testsuite> <!-- com.TestNg.OrangeHrm_TestNg -->
