<?xml version="1.0" encoding="UTF-8"?>
<!-- Generated by org.testng.reporters.JUnitReportReporter -->
<testsuite skipped="0" hostname="AIR-MIS-139" name="com.TestNg.MouseOver" tests="1" failures="0" timestamp="2020-11-30T21:38:55 CST" time="10.765" errors="0">
  <testcase name="login" time="10.765" classname="com.TestNg.MouseOver"/>
  <system-out/>
</testsuite> <!-- com.TestNg.MouseOver -->
