<?xml version="1.0" encoding="UTF-8"?>
<!-- Generated by org.testng.reporters.JUnitReportReporter -->
<testsuite skipped="0" hostname="AIR-MIS-139" name="com.TestNg.Trail" tests="1" failures="0" timestamp="2020-11-30T00:36:26 CST" time="20.642" errors="0">
  <testcase name="destination" time="20.642" classname="com.TestNg.Trail"/>
  <system-out/>
</testsuite> <!-- com.TestNg.Trail -->
