<?xml version="1.0" encoding="UTF-8"?>
<!-- Generated by org.testng.reporters.JUnitReportReporter -->
<testsuite skipped="0" hostname="AIR-MIS-139" name="com.TestNg.FaceBook" tests="1" failures="0" timestamp="2020-12-01T15:22:43 CST" time="8.460" errors="0">
  <testcase name="launching" time="8.460" classname="com.TestNg.FaceBook"/>
  <system-out/>
</testsuite> <!-- com.TestNg.FaceBook -->
