<?xml version="1.0" encoding="UTF-8"?>
<!-- Generated by org.testng.reporters.JUnitReportReporter -->
<testsuite skipped="0" hostname="AIR-MIS-139" name="com.testcases.ClickAndHold" tests="1" failures="0" timestamp="2020-11-30T12:52:45 CST" time="7.303" errors="0">
  <testcase name="login" time="7.303" classname="com.testcases.ClickAndHold"/>
  <system-out/>
</testsuite> <!-- com.testcases.ClickAndHold -->
