<?xml version="1.0" encoding="UTF-8"?>
<!-- Generated by org.testng.reporters.JUnitReportReporter -->
<testsuite skipped="0" hostname="AIR-MIS-139" name="com.testcases.Flipcart_Hw" tests="6" failures="0" timestamp="2020-12-01T00:35:16 CST" time="29.407" errors="0">
  <testcase name="launching" time="5.760" classname="com.testcases.Flipcart_Hw"/>
  <system-out/>
  <testcase name="sendingKeys" time="6.165" classname="com.testcases.Flipcart_Hw"/>
  <system-out/>
  <testcase name="selectingBrand" time="12.889" classname="com.testcases.Flipcart_Hw"/>
  <system-out/>
  <testcase name="gettingText" time="0.104" classname="com.testcases.Flipcart_Hw"/>
  <system-out/>
  <testcase name="clicking" time="3.745" classname="com.testcases.Flipcart_Hw"/>
  <system-out/>
  <testcase name="screenshot" time="0.744" classname="com.testcases.Flipcart_Hw"/>
  <system-out/>
</testsuite> <!-- com.testcases.Flipcart_Hw -->
