<?xml version="1.0" encoding="UTF-8"?>
<!-- Generated by org.testng.reporters.JUnitReportReporter -->
<testsuite skipped="0" hostname="AIR-MIS-139" name="com.testcases.FileBin$ClickAndHold" tests="1" failures="0" timestamp="2020-11-30T14:52:59 CST" time="9.602" errors="0">
  <testcase name="login" time="9.602" classname="com.testcases.FileBin$ClickAndHold"/>
  <system-out/>
</testsuite> <!-- com.testcases.FileBin$ClickAndHold -->
