<?xml version="1.0" encoding="UTF-8"?>
<!-- Generated by org.testng.reporters.JUnitReportReporter -->
<testsuite skipped="0" hostname="AIR-MIS-139" name="com.TestNg.SouthWest" tests="2" failures="0" timestamp="2020-11-30T01:21:23 CST" time="18.528" errors="0">
  <testcase name="destination" time="16.160" classname="com.TestNg.SouthWest"/>
  <system-out/>
  <testcase name="screenShot" time="2.368" classname="com.TestNg.SouthWest"/>
  <system-out/>
</testsuite> <!-- com.TestNg.SouthWest -->
