<?xml version="1.0" encoding="UTF-8"?>
<!-- Generated by org.testng.reporters.JUnitReportReporter -->
<testsuite skipped="0" hostname="AIR-MIS-139" name="com.TestNg.PriorityTestNg" tests="3" failures="0" timestamp="2020-11-26T16:16:52 CST" time="0.032" errors="0">
  <testcase name="tc003" time="0.025" classname="com.TestNg.PriorityTestNg"/>
  <system-out/>
  <testcase name="tc001" time="0.002" classname="com.TestNg.PriorityTestNg"/>
  <system-out/>
  <testcase name="tc002" time="0.005" classname="com.TestNg.PriorityTestNg"/>
  <system-out/>
</testsuite> <!-- com.TestNg.PriorityTestNg -->
