<?xml version="1.0" encoding="UTF-8"?>
<!-- Generated by org.testng.reporters.JUnitReportReporter -->
<testsuite skipped="0" hostname="AIR-MIS-139" name="com.TestNg.DependsOnGroup" tests="1" failures="0" timestamp="2020-11-26T11:29:33 CST" time="0.012" errors="0">
  <testcase name="tc001" time="0.012" classname="com.TestNg.DependsOnGroup"/>
  <system-out/>
</testsuite> <!-- com.TestNg.DependsOnGroup -->
