<?xml version="1.0" encoding="UTF-8"?>
<!-- Generated by org.testng.reporters.JUnitReportReporter -->
<testsuite skipped="0" hostname="AIR-MIS-139" name="com.TestNg.FlipCart_TestNg" tests="6" failures="0" timestamp="2020-11-27T16:44:08 CST" time="17.141" errors="0">
  <testcase name="verifyTitle" time="0.138" classname="com.TestNg.FlipCart_TestNg"/>
  <system-out/>
  <testcase name="search" time="2.557" classname="com.TestNg.FlipCart_TestNg"/>
  <system-out/>
  <testcase name="selectProduct" time="2.927" classname="com.TestNg.FlipCart_TestNg"/>
  <system-out/>
  <testcase name="assertPrice" time="6.254" classname="com.TestNg.FlipCart_TestNg"/>
  <system-out/>
  <testcase name="addToCart" time="1.133" classname="com.TestNg.FlipCart_TestNg"/>
  <system-out/>
  <testcase name="assertProductName" time="4.132" classname="com.TestNg.FlipCart_TestNg"/>
  <system-out/>
</testsuite> <!-- com.TestNg.FlipCart_TestNg -->
