<?xml version="1.0" encoding="UTF-8"?>
<!-- Generated by org.testng.reporters.JUnitReportReporter -->
<testsuite skipped="0" hostname="AIR-MIS-139" name="com.TestNg.ParallelExecution1" tests="3" failures="0" timestamp="2020-11-26T16:43:05 CST" time="0.006" errors="0">
  <testcase name="tc005" time="0.003" classname="com.TestNg.ParallelExecution1"/>
  <system-out/>
  <testcase name="tc004" time="0.001" classname="com.TestNg.ParallelExecution1"/>
  <system-out/>
  <testcase name="tc006" time="0.002" classname="com.TestNg.ParallelExecution1"/>
  <system-out/>
</testsuite> <!-- com.TestNg.ParallelExecution1 -->
