<?xml version="1.0" encoding="UTF-8"?>
<!-- Generated by org.testng.reporters.JUnitReportReporter -->
<testsuite skipped="0" hostname="AIR-MIS-139" name="com.testcases.DragAndDrop" tests="1" failures="0" timestamp="2020-11-30T22:37:24 CST" time="10.330" errors="0">
  <testcase name="login" time="10.330" classname="com.testcases.DragAndDrop"/>
  <system-out/>
</testsuite> <!-- com.testcases.DragAndDrop -->
